<?xml version="1.0" encoding="UTF-8"?>
<robot generator="Robot 4.0.1 (Python 3.8.8 on win32)" generated="20210420 14:26:05.716" rpa="false" schemaversion="2">
<suite id="s1" name="Wishlist" source="C:\Users\mert.yesin\PycharmProjects\westwing2\Tests\wishlist.robot">
<test id="s1-t1" name="Add and remove items from Wishlist">
<kw name="Start Test Case" library="CommonKeywords" type="SETUP">
<doc>Setup</doc>
<kw name="Open Browser" library="SeleniumLibrary">
<arg>${url}</arg>
<arg>${browser}</arg>
<doc>Opens a new browser instance to the optional ``url``.</doc>
<msg timestamp="20210420 14:26:05.913" level="INFO">Opening browser 'chrome' to base url 'http://www.westwingnow.de'.</msg>
<status status="PASS" starttime="20210420 14:26:05.913" endtime="20210420 14:26:08.922"/>
</kw>
<status status="PASS" starttime="20210420 14:26:05.913" endtime="20210420 14:26:08.922"/>
</kw>
<kw name="Enter credentials to login pane" library="LoginPane">
<arg>${user}</arg>
<arg>${password}</arg>
<kw name="Sleep" library="BuiltIn">
<arg>5</arg>
<doc>Pauses the test executed for the given time.</doc>
<msg timestamp="20210420 14:26:13.937" level="INFO">Slept 5 seconds</msg>
<status status="PASS" starttime="20210420 14:26:08.923" endtime="20210420 14:26:13.937"/>
</kw>
<kw name="Accept Cookies" library="LoginPane">
<arg>${cookieButton}</arg>
<kw name="Click Element" library="SeleniumLibrary">
<arg>${cookieButton}</arg>
<doc>Click the element identified by ``locator``.</doc>
<msg timestamp="20210420 14:26:13.938" level="INFO">Clicking element 'xpath://*[@id="onetrust-accept-btn-handler"]'.</msg>
<status status="PASS" starttime="20210420 14:26:13.938" endtime="20210420 14:26:14.000"/>
</kw>
<status status="PASS" starttime="20210420 14:26:13.937" endtime="20210420 14:26:14.001"/>
</kw>
<kw name="Sleep" library="BuiltIn">
<arg>5</arg>
<doc>Pauses the test executed for the given time.</doc>
<msg timestamp="20210420 14:26:19.010" level="INFO">Slept 5 seconds</msg>
<status status="PASS" starttime="20210420 14:26:14.001" endtime="20210420 14:26:19.010"/>
</kw>
<kw name="Input Text" library="SeleniumLibrary">
<arg>${usernameTextBox}</arg>
<arg>${user}</arg>
<doc>Types the given ``text`` into the text field identified by ``locator``.</doc>
<msg timestamp="20210420 14:26:19.010" level="INFO">Typing text 'mertyesin89@gmail.com' into text field 'xpath://input[@type='email']'.</msg>
<status status="PASS" starttime="20210420 14:26:19.010" endtime="20210420 14:26:19.100"/>
</kw>
<kw name="Input Text" library="SeleniumLibrary">
<arg>${passwordTextBox}</arg>
<arg>${password}</arg>
<doc>Types the given ``text`` into the text field identified by ``locator``.</doc>
<msg timestamp="20210420 14:26:19.100" level="INFO">Typing text '14101969944' into text field 'xpath://input[@type='password']'.</msg>
<status status="PASS" starttime="20210420 14:26:19.100" endtime="20210420 14:26:19.172"/>
</kw>
<kw name="Accept mail registration" library="LoginPane">
<arg>${recieveMailBox}</arg>
<kw name="Click Element" library="SeleniumLibrary">
<arg>${recieveMailBox}</arg>
<doc>Click the element identified by ``locator``.</doc>
<msg timestamp="20210420 14:26:19.172" level="INFO">Clicking element '//input[@type='checkbox']'.</msg>
<status status="PASS" starttime="20210420 14:26:19.172" endtime="20210420 14:26:19.216"/>
</kw>
<status status="PASS" starttime="20210420 14:26:19.172" endtime="20210420 14:26:19.216"/>
</kw>
<kw name="Click Element" library="SeleniumLibrary">
<arg>${RegisterButton}</arg>
<doc>Click the element identified by ``locator``.</doc>
<msg timestamp="20210420 14:26:19.216" level="INFO">Clicking element '//button[@type='submit']'.</msg>
<status status="PASS" starttime="20210420 14:26:19.216" endtime="20210420 14:26:19.289"/>
</kw>
<status status="PASS" starttime="20210420 14:26:08.923" endtime="20210420 14:26:19.289"/>
</kw>
<kw name="Add first item to Wishlist from Mobel List" library="PageObject">
<kw name="Go to Mobel Page" library="PageObject">
<arg>${mobelpage}</arg>
<kw name="Sleep" library="BuiltIn">
<arg>3</arg>
<doc>Pauses the test executed for the given time.</doc>
<msg timestamp="20210420 14:26:22.293" level="INFO">Slept 3 seconds</msg>
<status status="PASS" starttime="20210420 14:26:19.290" endtime="20210420 14:26:22.293"/>
</kw>
<kw name="Click Element" library="SeleniumLibrary">
<arg>${mobelpage}</arg>
<doc>Click the element identified by ``locator``.</doc>
<msg timestamp="20210420 14:26:22.295" level="INFO">Clicking element '//*[@id="wwOneHeader"]/div/div[2]/nav/ul/li[4]/a/span[2]'.</msg>
<status status="PASS" starttime="20210420 14:26:22.294" endtime="20210420 14:26:22.390"/>
</kw>
<kw name="Click Element" library="SeleniumLibrary">
<arg>${SearchBox}</arg>
<doc>Click the element identified by ``locator``.</doc>
<msg timestamp="20210420 14:26:22.390" level="INFO">Clicking element '//*[@id="wwOneHeader"]/div/div[1]/header/div[6]/div[1]/form/input'.</msg>
<status status="PASS" starttime="20210420 14:26:22.390" endtime="20210420 14:26:22.463"/>
</kw>
<kw name="Maximize Browser Window" library="SeleniumLibrary">
<doc>Maximizes current browser window.</doc>
<status status="PASS" starttime="20210420 14:26:22.463" endtime="20210420 14:26:22.590"/>
</kw>
<status status="PASS" starttime="20210420 14:26:19.290" endtime="20210420 14:26:22.590"/>
</kw>
<kw name="Sleep" library="BuiltIn">
<arg>5</arg>
<doc>Pauses the test executed for the given time.</doc>
<msg timestamp="20210420 14:26:27.604" level="INFO">Slept 5 seconds</msg>
<status status="PASS" starttime="20210420 14:26:22.590" endtime="20210420 14:26:27.604"/>
</kw>
<kw name="Add first item to Wishlist" library="MobelPage">
<kw name="Click Element" library="SeleniumLibrary">
<arg>${firstProductHeart}</arg>
<doc>Click the element identified by ``locator``.</doc>
<msg timestamp="20210420 14:26:27.604" level="INFO">Clicking element 'xpath://*[@id="app-root"]/div/div[1]/div[7]/div/div/main/div/div[2]/div[1]/a/div/div[2]/div[2]'.</msg>
<status status="PASS" starttime="20210420 14:26:27.604" endtime="20210420 14:26:27.687"/>
</kw>
<status status="PASS" starttime="20210420 14:26:27.604" endtime="20210420 14:26:27.687"/>
</kw>
<status status="PASS" starttime="20210420 14:26:19.290" endtime="20210420 14:26:27.687"/>
</kw>
<kw name="Go to Wishlist Page and get product count" library="PageObject">
<var>${actual_count}</var>
<kw name="Click Element" library="SeleniumLibrary">
<arg>${WishlistIcon}</arg>
<doc>Click the element identified by ``locator``.</doc>
<msg timestamp="20210420 14:26:27.688" level="INFO">Clicking element '//*[@id="wwOneHeader"]/div/div[1]/header/div[8]/div[3]/div/span[2]'.</msg>
<status status="PASS" starttime="20210420 14:26:27.688" endtime="20210420 14:26:28.868"/>
</kw>
<kw name="Sleep" library="BuiltIn">
<arg>3</arg>
<doc>Pauses the test executed for the given time.</doc>
<msg timestamp="20210420 14:26:31.883" level="INFO">Slept 3 seconds</msg>
<status status="PASS" starttime="20210420 14:26:28.868" endtime="20210420 14:26:31.883"/>
</kw>
<kw name="Get wishlist product count" library="WishlistPage">
<var>${productCount}</var>
<kw name="Get Text" library="SeleniumLibrary">
<var>${productCount}</var>
<arg>${ProductCounter}</arg>
<doc>Returns the text value of the element identified by ``locator``.</doc>
<msg timestamp="20210420 14:26:31.908" level="INFO">${productCount} = 1</msg>
<status status="PASS" starttime="20210420 14:26:31.883" endtime="20210420 14:26:31.908"/>
</kw>
<msg timestamp="20210420 14:26:31.908" level="INFO">${productCount} = 1</msg>
<status status="PASS" starttime="20210420 14:26:31.883" endtime="20210420 14:26:31.908"/>
</kw>
<msg timestamp="20210420 14:26:31.908" level="INFO">${actual_count} = 1</msg>
<status status="PASS" starttime="20210420 14:26:27.687" endtime="20210420 14:26:31.908"/>
</kw>
<kw name="Should Be True" library="BuiltIn">
<arg>1</arg>
<arg>${actual_count}</arg>
<doc>Fails if the given condition is not true.</doc>
<status status="PASS" starttime="20210420 14:26:31.908" endtime="20210420 14:26:31.909"/>
</kw>
<kw name="Remove product from wishlist" library="WishlistPage">
<kw name="Click Element" library="SeleniumLibrary">
<arg>${RemoveProduct}</arg>
<doc>Click the element identified by ``locator``.</doc>
<msg timestamp="20210420 14:26:31.909" level="INFO">Clicking element 'xpath://*[@id="wishlistRoot"]/div/div[4]/div/ul/li/button'.</msg>
<status status="PASS" starttime="20210420 14:26:31.909" endtime="20210420 14:26:31.946"/>
</kw>
<status status="PASS" starttime="20210420 14:26:31.909" endtime="20210420 14:26:31.946"/>
</kw>
<kw name="Wishlist counter does not exists" library="WishlistPage">
<status status="PASS" starttime="20210420 14:26:31.946" endtime="20210420 14:26:31.947"/>
</kw>
<kw name="Finish Test Case" library="CommonKeywords" type="TEARDOWN">
<doc>Teardown</doc>
<kw name="Close Browser" library="SeleniumLibrary">
<doc>Closes the current browser.</doc>
<status status="PASS" starttime="20210420 14:26:31.947" endtime="20210420 14:26:34.137"/>
</kw>
<status status="PASS" starttime="20210420 14:26:31.947" endtime="20210420 14:26:34.137"/>
</kw>
<doc>TBD</doc>
<status status="PASS" starttime="20210420 14:26:05.913" endtime="20210420 14:26:34.137"/>
</test>
<doc>Westwing website wishlist test</doc>
<status status="PASS" starttime="20210420 14:26:05.716" endtime="20210420 14:26:34.137"/>
</suite>
<statistics>
<total>
<stat pass="1" fail="0" skip="0">All Tests</stat>
</total>
<tag>
</tag>
<suite>
<stat pass="1" fail="0" skip="0" id="s1" name="Wishlist">Wishlist</stat>
</suite>
</statistics>
<errors>
</errors>
</robot>
